ID: synth_00286
Prompt: angled from baby monitor camera of a face red and scrunched Asian 6-month-old baby diaper only in a modern white crib, distressed, dim nursery light, scattered soft toys.
Label: awake/crying
Reason: All 3 attempts failed due to error: Message: 
Stacktrace:
0   undetected_chromedriver             0x0000000102dd7108 undetected_chromedriver + 6119688
1   undetected_chromedriver             0x0000000102dce80a undetected_chromedriver + 6084618
2   undetected_chromedriver             0x000000010286a1a6 undetected_chromedriver + 430502
3   undetected_chromedriver             0x00000001028bc8a1 undetected_chromedriver + 768161
4   undetected_chromedriver             0x00000001028bcb61 undetected_chromedriver + 768865
5   undetected_chromedriver             0x000000010290d034 undetected_chromedriver + 1097780
6   undetected_chromedriver             0x00000001028e2e2d undetected_chromedriver + 925229
7   undetected_chromedriver             0x000000010290a378 undetected_chromedriver + 1086328
8   undetected_chromedriver             0x00000001028e2bd3 undetected_chromedriver + 924627
9   undetected_chromedriver             0x00000001028aec0b undetected_chromedriver + 711691
10  undetected_chromedriver             0x00000001028af8d1 undetected_chromedriver + 714961
11  undetected_chromedriver             0x0000000102d945d0 undetected_chromedriver + 5846480
12  undetected_chromedriver             0x0000000102d98865 undetected_chromedriver + 5863525
13  undetected_chromedriver             0x0000000102d6fda7 undetected_chromedriver + 5696935
14  undetected_chromedriver             0x0000000102d992ff undetected_chromedriver + 5866239
15  undetected_chromedriver             0x0000000102d5f204 undetected_chromedriver + 5628420
16  undetected_chromedriver             0x0000000102dbb828 undetected_chromedriver + 6006824
17  undetected_chromedriver             0x0000000102dbb9ed undetected_chromedriver + 6007277
18  undetected_chromedriver             0x0000000102dce3e1 undetected_chromedriver + 6083553
19  libsystem_pthread.dylib             0x00007ff80dffee59 _pthread_start + 115
20  libsystem_pthread.dylib             0x00007ff80dffa857 thread_start + 15

--------------------------------------------------
ID: synth_00298
Prompt: overhead crib view of a tears streaming Hispanic newborn baby diaper only in a modern white crib, distressed, nighttime with nightlight, with patterned blanket.
Label: awake/crying
Reason: All 3 attempts failed due to error: Message: 
Stacktrace:
0   undetected_chromedriver             0x0000000102dd7108 undetected_chromedriver + 6119688
1   undetected_chromedriver             0x0000000102dce80a undetected_chromedriver + 6084618
2   undetected_chromedriver             0x000000010286a1a6 undetected_chromedriver + 430502
3   undetected_chromedriver             0x00000001028bc8a1 undetected_chromedriver + 768161
4   undetected_chromedriver             0x00000001028bcb61 undetected_chromedriver + 768865
5   undetected_chromedriver             0x000000010290d034 undetected_chromedriver + 1097780
6   undetected_chromedriver             0x00000001028e2e2d undetected_chromedriver + 925229
7   undetected_chromedriver             0x000000010290a378 undetected_chromedriver + 1086328
8   undetected_chromedriver             0x00000001028e2bd3 undetected_chromedriver + 924627
9   undetected_chromedriver             0x00000001028aec0b undetected_chromedriver + 711691
10  undetected_chromedriver             0x00000001028af8d1 undetected_chromedriver + 714961
11  undetected_chromedriver             0x0000000102d945d0 undetected_chromedriver + 5846480
12  undetected_chromedriver             0x0000000102d98865 undetected_chromedriver + 5863525
13  undetected_chromedriver             0x0000000102d6fda7 undetected_chromedriver + 5696935
14  undetected_chromedriver             0x0000000102d992ff undetected_chromedriver + 5866239
15  undetected_chromedriver             0x0000000102d5f204 undetected_chromedriver + 5628420
16  undetected_chromedriver             0x0000000102dbb828 undetected_chromedriver + 6006824
17  undetected_chromedriver             0x0000000102dbb9ed undetected_chromedriver + 6007277
18  undetected_chromedriver             0x0000000102dce3e1 undetected_chromedriver + 6083553
19  libsystem_pthread.dylib             0x00007ff80dffee59 _pthread_start + 115
20  libsystem_pthread.dylib             0x00007ff80dffa857 thread_start + 15

--------------------------------------------------
ID: synth_00352
Prompt: angled from baby monitor camera of a mouth open wailing Middle Eastern toddler baby diaper only in a playpen, distressed, soft daylight, teddy bear in corner.
Label: awake/crying
Reason: All 3 attempts failed due to error: Message: 
Stacktrace:
0   undetected_chromedriver             0x0000000102dd7108 undetected_chromedriver + 6119688
1   undetected_chromedriver             0x0000000102dce80a undetected_chromedriver + 6084618
2   undetected_chromedriver             0x000000010286a1a6 undetected_chromedriver + 430502
3   undetected_chromedriver             0x00000001028bc8a1 undetected_chromedriver + 768161
4   undetected_chromedriver             0x00000001028bcb61 undetected_chromedriver + 768865
5   undetected_chromedriver             0x000000010290d034 undetected_chromedriver + 1097780
6   undetected_chromedriver             0x00000001028e2e2d undetected_chromedriver + 925229
7   undetected_chromedriver             0x000000010290a378 undetected_chromedriver + 1086328
8   undetected_chromedriver             0x00000001028e2bd3 undetected_chromedriver + 924627
9   undetected_chromedriver             0x00000001028aec0b undetected_chromedriver + 711691
10  undetected_chromedriver             0x00000001028af8d1 undetected_chromedriver + 714961
11  undetected_chromedriver             0x0000000102d945d0 undetected_chromedriver + 5846480
12  undetected_chromedriver             0x0000000102d98865 undetected_chromedriver + 5863525
13  undetected_chromedriver             0x0000000102d6fda7 undetected_chromedriver + 5696935
14  undetected_chromedriver             0x0000000102d992ff undetected_chromedriver + 5866239
15  undetected_chromedriver             0x0000000102d5f204 undetected_chromedriver + 5628420
16  undetected_chromedriver             0x0000000102dbb828 undetected_chromedriver + 6006824
17  undetected_chromedriver             0x0000000102dbb9ed undetected_chromedriver + 6007277
18  undetected_chromedriver             0x0000000102dce3e1 undetected_chromedriver + 6083553
19  libsystem_pthread.dylib             0x00007ff80dffee59 _pthread_start + 115
20  libsystem_pthread.dylib             0x00007ff80dffa857 thread_start + 15

--------------------------------------------------
ID: synth_00353
Prompt: slightly distorted fisheye lens of a mouth open wailing Middle Eastern 9-month-old baby diaper only in a bassinet, distressed, infrared-like glow, mobile hanging above.
Label: awake/crying
Reason: All 3 attempts failed due to error: Message: 
Stacktrace:
0   undetected_chromedriver             0x0000000102dd7108 undetected_chromedriver + 6119688
1   undetected_chromedriver             0x0000000102dce80a undetected_chromedriver + 6084618
2   undetected_chromedriver             0x000000010286a1a6 undetected_chromedriver + 430502
3   undetected_chromedriver             0x00000001028bc8a1 undetected_chromedriver + 768161
4   undetected_chromedriver             0x00000001028bcb61 undetected_chromedriver + 768865
5   undetected_chromedriver             0x000000010290d034 undetected_chromedriver + 1097780
6   undetected_chromedriver             0x00000001028e2e2d undetected_chromedriver + 925229
7   undetected_chromedriver             0x000000010290a378 undetected_chromedriver + 1086328
8   undetected_chromedriver             0x00000001028e2bd3 undetected_chromedriver + 924627
9   undetected_chromedriver             0x00000001028aec0b undetected_chromedriver + 711691
10  undetected_chromedriver             0x00000001028af8d1 undetected_chromedriver + 714961
11  undetected_chromedriver             0x0000000102d945d0 undetected_chromedriver + 5846480
12  undetected_chromedriver             0x0000000102d98865 undetected_chromedriver + 5863525
13  undetected_chromedriver             0x0000000102d6fda7 undetected_chromedriver + 5696935
14  undetected_chromedriver             0x0000000102d992ff undetected_chromedriver + 5866239
15  undetected_chromedriver             0x0000000102d5f204 undetected_chromedriver + 5628420
16  undetected_chromedriver             0x0000000102dbb828 undetected_chromedriver + 6006824
17  undetected_chromedriver             0x0000000102dbb9ed undetected_chromedriver + 6007277
18  undetected_chromedriver             0x0000000102dce3e1 undetected_chromedriver + 6083553
19  libsystem_pthread.dylib             0x00007ff80dffee59 _pthread_start + 115
20  libsystem_pthread.dylib             0x00007ff80dffa857 thread_start + 15

--------------------------------------------------
ID: synth_00307
Prompt: angled from baby monitor camera of a face red and scrunched Middle Eastern 3-month-old baby diaper only in a playpen, distressed, soft daylight, scattered soft toys.
Label: awake/crying
Reason: All 3 attempts failed due to error: Message: 
Stacktrace:
0   undetected_chromedriver             0x0000000102dd7108 undetected_chromedriver + 6119688
1   undetected_chromedriver             0x0000000102dce80a undetected_chromedriver + 6084618
2   undetected_chromedriver             0x000000010286a1a6 undetected_chromedriver + 430502
3   undetected_chromedriver             0x00000001028bc8a1 undetected_chromedriver + 768161
4   undetected_chromedriver             0x00000001028bcb61 undetected_chromedriver + 768865
5   undetected_chromedriver             0x000000010290d034 undetected_chromedriver + 1097780
6   undetected_chromedriver             0x00000001028e2e2d undetected_chromedriver + 925229
7   undetected_chromedriver             0x000000010290a378 undetected_chromedriver + 1086328
8   undetected_chromedriver             0x00000001028e2bd3 undetected_chromedriver + 924627
9   undetected_chromedriver             0x00000001028aec0b undetected_chromedriver + 711691
10  undetected_chromedriver             0x00000001028af8d1 undetected_chromedriver + 714961
11  undetected_chromedriver             0x0000000102d945d0 undetected_chromedriver + 5846480
12  undetected_chromedriver             0x0000000102d98865 undetected_chromedriver + 5863525
13  undetected_chromedriver             0x0000000102d6fda7 undetected_chromedriver + 5696935
14  undetected_chromedriver             0x0000000102d992ff undetected_chromedriver + 5866239
15  undetected_chromedriver             0x0000000102d5f204 undetected_chromedriver + 5628420
16  undetected_chromedriver             0x0000000102dbb828 undetected_chromedriver + 6006824
17  undetected_chromedriver             0x0000000102dbb9ed undetected_chromedriver + 6007277
18  undetected_chromedriver             0x0000000102dce3e1 undetected_chromedriver + 6083553
19  libsystem_pthread.dylib             0x00007ff80dffee59 _pthread_start + 115
20  libsystem_pthread.dylib             0x00007ff80dffa857 thread_start + 15

--------------------------------------------------
ID: synth_00309
Prompt: overhead crib view of a tears streaming Middle Eastern toddler baby diaper only in a bassinet, distressed, soft daylight, plain white crib sheets.
Label: awake/crying
Reason: All 3 attempts failed due to error: Message: 
Stacktrace:
0   undetected_chromedriver             0x0000000102dd7108 undetected_chromedriver + 6119688
1   undetected_chromedriver             0x0000000102dce80a undetected_chromedriver + 6084618
2   undetected_chromedriver             0x000000010286a1a6 undetected_chromedriver + 430502
3   undetected_chromedriver             0x00000001028bc8a1 undetected_chromedriver + 768161
4   undetected_chromedriver             0x00000001028bcb61 undetected_chromedriver + 768865
5   undetected_chromedriver             0x000000010290d034 undetected_chromedriver + 1097780
6   undetected_chromedriver             0x00000001028e2e2d undetected_chromedriver + 925229
7   undetected_chromedriver             0x000000010290a378 undetected_chromedriver + 1086328
8   undetected_chromedriver             0x00000001028e2bd3 undetected_chromedriver + 924627
9   undetected_chromedriver             0x00000001028aec0b undetected_chromedriver + 711691
10  undetected_chromedriver             0x00000001028af8d1 undetected_chromedriver + 714961
11  undetected_chromedriver             0x0000000102d945d0 undetected_chromedriver + 5846480
12  undetected_chromedriver             0x0000000102d98865 undetected_chromedriver + 5863525
13  undetected_chromedriver             0x0000000102d6fda7 undetected_chromedriver + 5696935
14  undetected_chromedriver             0x0000000102d992ff undetected_chromedriver + 5866239
15  undetected_chromedriver             0x0000000102d5f204 undetected_chromedriver + 5628420
16  undetected_chromedriver             0x0000000102dbb828 undetected_chromedriver + 6006824
17  undetected_chromedriver             0x0000000102dbb9ed undetected_chromedriver + 6007277
18  undetected_chromedriver             0x0000000102dce3e1 undetected_chromedriver + 6083553
19  libsystem_pthread.dylib             0x00007ff80dffee59 _pthread_start + 115
20  libsystem_pthread.dylib             0x00007ff80dffa857 thread_start + 15

--------------------------------------------------
ID: synth_00308
Prompt: angled from baby monitor camera of a tears streaming South Asian toddler baby diaper only in a bassinet, distressed, bright overhead lamp, scattered soft toys.
Label: awake/crying
Reason: All 3 attempts failed due to error: Message: 
Stacktrace:
0   undetected_chromedriver             0x0000000102dd7108 undetected_chromedriver + 6119688
1   undetected_chromedriver             0x0000000102dce80a undetected_chromedriver + 6084618
2   undetected_chromedriver             0x000000010286a1a6 undetected_chromedriver + 430502
3   undetected_chromedriver             0x00000001028bc8a1 undetected_chromedriver + 768161
4   undetected_chromedriver             0x00000001028bcb61 undetected_chromedriver + 768865
5   undetected_chromedriver             0x000000010290d034 undetected_chromedriver + 1097780
6   undetected_chromedriver             0x00000001028e2e2d undetected_chromedriver + 925229
7   undetected_chromedriver             0x000000010290a378 undetected_chromedriver + 1086328
8   undetected_chromedriver             0x00000001028e2bd3 undetected_chromedriver + 924627
9   undetected_chromedriver             0x00000001028aec0b undetected_chromedriver + 711691
10  undetected_chromedriver             0x00000001028af8d1 undetected_chromedriver + 714961
11  undetected_chromedriver             0x0000000102d945d0 undetected_chromedriver + 5846480
12  undetected_chromedriver             0x0000000102d98865 undetected_chromedriver + 5863525
13  undetected_chromedriver             0x0000000102d6fda7 undetected_chromedriver + 5696935
14  undetected_chromedriver             0x0000000102d992ff undetected_chromedriver + 5866239
15  undetected_chromedriver             0x0000000102d5f204 undetected_chromedriver + 5628420
16  undetected_chromedriver             0x0000000102dbb828 undetected_chromedriver + 6006824
17  undetected_chromedriver             0x0000000102dbb9ed undetected_chromedriver + 6007277
18  undetected_chromedriver             0x0000000102dce3e1 undetected_chromedriver + 6083553
19  libsystem_pthread.dylib             0x00007ff80dffee59 _pthread_start + 115
20  libsystem_pthread.dylib             0x00007ff80dffa857 thread_start + 15

--------------------------------------------------
ID: synth_00249
Prompt: side profile in crib of a face red and scrunched Asian 1-month-old baby diaper only in a modern white crib, distressed, nighttime with nightlight, plain white crib sheets.
Label: awake/crying
Reason: All 3 attempts failed due to error: Message: 
Stacktrace:
0   undetected_chromedriver             0x0000000102dd7108 undetected_chromedriver + 6119688
1   undetected_chromedriver             0x0000000102dce80a undetected_chromedriver + 6084618
2   undetected_chromedriver             0x000000010286a1a6 undetected_chromedriver + 430502
3   undetected_chromedriver             0x00000001028bc8a1 undetected_chromedriver + 768161
4   undetected_chromedriver             0x00000001028bcb61 undetected_chromedriver + 768865
5   undetected_chromedriver             0x000000010290d034 undetected_chromedriver + 1097780
6   undetected_chromedriver             0x00000001028e2e2d undetected_chromedriver + 925229
7   undetected_chromedriver             0x000000010290a378 undetected_chromedriver + 1086328
8   undetected_chromedriver             0x00000001028e2bd3 undetected_chromedriver + 924627
9   undetected_chromedriver             0x00000001028aec0b undetected_chromedriver + 711691
10  undetected_chromedriver             0x00000001028af8d1 undetected_chromedriver + 714961
11  undetected_chromedriver             0x0000000102d945d0 undetected_chromedriver + 5846480
12  undetected_chromedriver             0x0000000102d98865 undetected_chromedriver + 5863525
13  undetected_chromedriver             0x0000000102d6fda7 undetected_chromedriver + 5696935
14  undetected_chromedriver             0x0000000102d992ff undetected_chromedriver + 5866239
15  undetected_chromedriver             0x0000000102d5f204 undetected_chromedriver + 5628420
16  undetected_chromedriver             0x0000000102dbb828 undetected_chromedriver + 6006824
17  undetected_chromedriver             0x0000000102dbb9ed undetected_chromedriver + 6007277
18  undetected_chromedriver             0x0000000102dce3e1 undetected_chromedriver + 6083553
19  libsystem_pthread.dylib             0x00007ff80dffee59 _pthread_start + 115
20  libsystem_pthread.dylib             0x00007ff80dffa857 thread_start + 15

--------------------------------------------------
ID: synth_00137
Prompt: overhead crib view of a curious gaze at ceiling Middle Eastern toddler baby pajamas in a bassinet, awake but content, soft daylight, scattered soft toys.
Label: awake/peaceful
Reason: All 3 attempts failed due to error: Message: 
Stacktrace:
0   undetected_chromedriver             0x0000000102dd7108 undetected_chromedriver + 6119688
1   undetected_chromedriver             0x0000000102dce80a undetected_chromedriver + 6084618
2   undetected_chromedriver             0x000000010286a1a6 undetected_chromedriver + 430502
3   undetected_chromedriver             0x00000001028bc8a1 undetected_chromedriver + 768161
4   undetected_chromedriver             0x00000001028bcb61 undetected_chromedriver + 768865
5   undetected_chromedriver             0x000000010290d034 undetected_chromedriver + 1097780
6   undetected_chromedriver             0x00000001028e2e2d undetected_chromedriver + 925229
7   undetected_chromedriver             0x000000010290a378 undetected_chromedriver + 1086328
8   undetected_chromedriver             0x00000001028e2bd3 undetected_chromedriver + 924627
9   undetected_chromedriver             0x00000001028aec0b undetected_chromedriver + 711691
10  undetected_chromedriver             0x00000001028af8d1 undetected_chromedriver + 714961
11  undetected_chromedriver             0x0000000102d945d0 undetected_chromedriver + 5846480
12  undetected_chromedriver             0x0000000102d98865 undetected_chromedriver + 5863525
13  undetected_chromedriver             0x0000000102d6fda7 undetected_chromedriver + 5696935
14  undetected_chromedriver             0x0000000102d992ff undetected_chromedriver + 5866239
15  undetected_chromedriver             0x0000000102d5f204 undetected_chromedriver + 5628420
16  undetected_chromedriver             0x0000000102dbb828 undetected_chromedriver + 6006824
17  undetected_chromedriver             0x0000000102dbb9ed undetected_chromedriver + 6007277
18  undetected_chromedriver             0x0000000102dce3e1 undetected_chromedriver + 6083553
19  libsystem_pthread.dylib             0x00007ff80dffee59 _pthread_start + 115
20  libsystem_pthread.dylib             0x00007ff80dffa857 thread_start + 15

--------------------------------------------------
ID: synth_00020
Prompt: angled from baby monitor camera of a thumb in mouth Hispanic toddler baby diaper only in a bassinet, nighttime with nightlight, teddy bear in corner.
Label: asleep
Reason: All 3 attempts failed due to error: Message: 
Stacktrace:
0   undetected_chromedriver             0x0000000102dd7108 undetected_chromedriver + 6119688
1   undetected_chromedriver             0x0000000102dce80a undetected_chromedriver + 6084618
2   undetected_chromedriver             0x000000010286a1a6 undetected_chromedriver + 430502
3   undetected_chromedriver             0x00000001028bc8a1 undetected_chromedriver + 768161
4   undetected_chromedriver             0x00000001028bcb61 undetected_chromedriver + 768865
5   undetected_chromedriver             0x000000010290d034 undetected_chromedriver + 1097780
6   undetected_chromedriver             0x00000001028e2e2d undetected_chromedriver + 925229
7   undetected_chromedriver             0x000000010290a378 undetected_chromedriver + 1086328
8   undetected_chromedriver             0x00000001028e2bd3 undetected_chromedriver + 924627
9   undetected_chromedriver             0x00000001028aec0b undetected_chromedriver + 711691
10  undetected_chromedriver             0x00000001028af8d1 undetected_chromedriver + 714961
11  undetected_chromedriver             0x0000000102d945d0 undetected_chromedriver + 5846480
12  undetected_chromedriver             0x0000000102d98865 undetected_chromedriver + 5863525
13  undetected_chromedriver             0x0000000102d6fda7 undetected_chromedriver + 5696935
14  undetected_chromedriver             0x0000000102d992ff undetected_chromedriver + 5866239
15  undetected_chromedriver             0x0000000102d5f204 undetected_chromedriver + 5628420
16  undetected_chromedriver             0x0000000102dbb828 undetected_chromedriver + 6006824
17  undetected_chromedriver             0x0000000102dbb9ed undetected_chromedriver + 6007277
18  undetected_chromedriver             0x0000000102dce3e1 undetected_chromedriver + 6083553
19  libsystem_pthread.dylib             0x00007ff80dffee59 _pthread_start + 115
20  libsystem_pthread.dylib             0x00007ff80dffa857 thread_start + 15

--------------------------------------------------
ID: synth_00316
Prompt: overhead crib view of a face red and scrunched South Asian 1-month-old baby diaper only in a modern white crib, distressed, nighttime with nightlight, teddy bear in corner.
Label: awake/crying
Reason: All 3 attempts failed due to error: Message: 
Stacktrace:
0   undetected_chromedriver             0x0000000104b4a108 undetected_chromedriver + 6119688
1   undetected_chromedriver             0x0000000104b4180a undetected_chromedriver + 6084618
2   undetected_chromedriver             0x00000001045dd1a6 undetected_chromedriver + 430502
3   undetected_chromedriver             0x000000010462f8a1 undetected_chromedriver + 768161
4   undetected_chromedriver             0x000000010462fb61 undetected_chromedriver + 768865
5   undetected_chromedriver             0x0000000104680034 undetected_chromedriver + 1097780
6   undetected_chromedriver             0x0000000104655e2d undetected_chromedriver + 925229
7   undetected_chromedriver             0x000000010467d378 undetected_chromedriver + 1086328
8   undetected_chromedriver             0x0000000104655bd3 undetected_chromedriver + 924627
9   undetected_chromedriver             0x0000000104621c0b undetected_chromedriver + 711691
10  undetected_chromedriver             0x00000001046228d1 undetected_chromedriver + 714961
11  undetected_chromedriver             0x0000000104b075d0 undetected_chromedriver + 5846480
12  undetected_chromedriver             0x0000000104b0b865 undetected_chromedriver + 5863525
13  undetected_chromedriver             0x0000000104ae2da7 undetected_chromedriver + 5696935
14  undetected_chromedriver             0x0000000104b0c2ff undetected_chromedriver + 5866239
15  undetected_chromedriver             0x0000000104ad2204 undetected_chromedriver + 5628420
16  undetected_chromedriver             0x0000000104b2e828 undetected_chromedriver + 6006824
17  undetected_chromedriver             0x0000000104b2e9ed undetected_chromedriver + 6007277
18  undetected_chromedriver             0x0000000104b413e1 undetected_chromedriver + 6083553
19  libsystem_pthread.dylib             0x00007ff80dffee59 _pthread_start + 115
20  libsystem_pthread.dylib             0x00007ff80dffa857 thread_start + 15

--------------------------------------------------
ID: synth_00352
Prompt: angled from baby monitor camera of a mouth open wailing Middle Eastern toddler baby diaper only in a playpen, distressed, soft daylight, teddy bear in corner.
Label: awake/crying
Reason: All 3 attempts failed due to error: Message: 
Stacktrace:
0   undetected_chromedriver             0x0000000104b4a108 undetected_chromedriver + 6119688
1   undetected_chromedriver             0x0000000104b4180a undetected_chromedriver + 6084618
2   undetected_chromedriver             0x00000001045dd1a6 undetected_chromedriver + 430502
3   undetected_chromedriver             0x000000010462f8a1 undetected_chromedriver + 768161
4   undetected_chromedriver             0x000000010462fb61 undetected_chromedriver + 768865
5   undetected_chromedriver             0x0000000104680034 undetected_chromedriver + 1097780
6   undetected_chromedriver             0x0000000104655e2d undetected_chromedriver + 925229
7   undetected_chromedriver             0x000000010467d378 undetected_chromedriver + 1086328
8   undetected_chromedriver             0x0000000104655bd3 undetected_chromedriver + 924627
9   undetected_chromedriver             0x0000000104621c0b undetected_chromedriver + 711691
10  undetected_chromedriver             0x00000001046228d1 undetected_chromedriver + 714961
11  undetected_chromedriver             0x0000000104b075d0 undetected_chromedriver + 5846480
12  undetected_chromedriver             0x0000000104b0b865 undetected_chromedriver + 5863525
13  undetected_chromedriver             0x0000000104ae2da7 undetected_chromedriver + 5696935
14  undetected_chromedriver             0x0000000104b0c2ff undetected_chromedriver + 5866239
15  undetected_chromedriver             0x0000000104ad2204 undetected_chromedriver + 5628420
16  undetected_chromedriver             0x0000000104b2e828 undetected_chromedriver + 6006824
17  undetected_chromedriver             0x0000000104b2e9ed undetected_chromedriver + 6007277
18  undetected_chromedriver             0x0000000104b413e1 undetected_chromedriver + 6083553
19  libsystem_pthread.dylib             0x00007ff80dffee59 _pthread_start + 115
20  libsystem_pthread.dylib             0x00007ff80dffa857 thread_start + 15

--------------------------------------------------
ID: synth_00306
Prompt: slightly distorted fisheye lens of a tears streaming Asian 6-month-old baby diaper only in a bassinet, distressed, infrared-like glow, scattered soft toys.
Label: awake/crying
Reason: All 3 attempts failed due to error: Message: 
Stacktrace:
0   undetected_chromedriver             0x0000000104b4a108 undetected_chromedriver + 6119688
1   undetected_chromedriver             0x0000000104b4180a undetected_chromedriver + 6084618
2   undetected_chromedriver             0x00000001045dd1a6 undetected_chromedriver + 430502
3   undetected_chromedriver             0x000000010462f8a1 undetected_chromedriver + 768161
4   undetected_chromedriver             0x000000010462fb61 undetected_chromedriver + 768865
5   undetected_chromedriver             0x0000000104680034 undetected_chromedriver + 1097780
6   undetected_chromedriver             0x0000000104655e2d undetected_chromedriver + 925229
7   undetected_chromedriver             0x000000010467d378 undetected_chromedriver + 1086328
8   undetected_chromedriver             0x0000000104655bd3 undetected_chromedriver + 924627
9   undetected_chromedriver             0x0000000104621c0b undetected_chromedriver + 711691
10  undetected_chromedriver             0x00000001046228d1 undetected_chromedriver + 714961
11  undetected_chromedriver             0x0000000104b075d0 undetected_chromedriver + 5846480
12  undetected_chromedriver             0x0000000104b0b865 undetected_chromedriver + 5863525
13  undetected_chromedriver             0x0000000104ae2da7 undetected_chromedriver + 5696935
14  undetected_chromedriver             0x0000000104b0c2ff undetected_chromedriver + 5866239
15  undetected_chromedriver             0x0000000104ad2204 undetected_chromedriver + 5628420
16  undetected_chromedriver             0x0000000104b2e828 undetected_chromedriver + 6006824
17  undetected_chromedriver             0x0000000104b2e9ed undetected_chromedriver + 6007277
18  undetected_chromedriver             0x0000000104b413e1 undetected_chromedriver + 6083553
19  libsystem_pthread.dylib             0x00007ff80dffee59 _pthread_start + 115
20  libsystem_pthread.dylib             0x00007ff80dffa857 thread_start + 15

--------------------------------------------------
ID: synth_00309
Prompt: overhead crib view of a tears streaming Middle Eastern toddler baby diaper only in a bassinet, distressed, soft daylight, plain white crib sheets.
Label: awake/crying
Reason: All 3 attempts failed due to error: Message: 
Stacktrace:
0   undetected_chromedriver             0x0000000104b4a108 undetected_chromedriver + 6119688
1   undetected_chromedriver             0x0000000104b4180a undetected_chromedriver + 6084618
2   undetected_chromedriver             0x00000001045dd1a6 undetected_chromedriver + 430502
3   undetected_chromedriver             0x000000010462f8a1 undetected_chromedriver + 768161
4   undetected_chromedriver             0x000000010462fb61 undetected_chromedriver + 768865
5   undetected_chromedriver             0x0000000104680034 undetected_chromedriver + 1097780
6   undetected_chromedriver             0x0000000104655e2d undetected_chromedriver + 925229
7   undetected_chromedriver             0x000000010467d378 undetected_chromedriver + 1086328
8   undetected_chromedriver             0x0000000104655bd3 undetected_chromedriver + 924627
9   undetected_chromedriver             0x0000000104621c0b undetected_chromedriver + 711691
10  undetected_chromedriver             0x00000001046228d1 undetected_chromedriver + 714961
11  undetected_chromedriver             0x0000000104b075d0 undetected_chromedriver + 5846480
12  undetected_chromedriver             0x0000000104b0b865 undetected_chromedriver + 5863525
13  undetected_chromedriver             0x0000000104ae2da7 undetected_chromedriver + 5696935
14  undetected_chromedriver             0x0000000104b0c2ff undetected_chromedriver + 5866239
15  undetected_chromedriver             0x0000000104ad2204 undetected_chromedriver + 5628420
16  undetected_chromedriver             0x0000000104b2e828 undetected_chromedriver + 6006824
17  undetected_chromedriver             0x0000000104b2e9ed undetected_chromedriver + 6007277
18  undetected_chromedriver             0x0000000104b413e1 undetected_chromedriver + 6083553
19  libsystem_pthread.dylib             0x00007ff80dffee59 _pthread_start + 115
20  libsystem_pthread.dylib             0x00007ff80dffa857 thread_start + 15

--------------------------------------------------
ID: synth_00247
Prompt: slightly distorted fisheye lens of a tears streaming South Asian 9-month-old baby in a onesie in a playpen, distressed, bright overhead lamp, mobile hanging above.
Label: awake/crying
Reason: All 3 attempts failed due to error: Message: 
Stacktrace:
0   undetected_chromedriver             0x0000000104b4a108 undetected_chromedriver + 6119688
1   undetected_chromedriver             0x0000000104b4180a undetected_chromedriver + 6084618
2   undetected_chromedriver             0x00000001045dd1a6 undetected_chromedriver + 430502
3   undetected_chromedriver             0x000000010462f8a1 undetected_chromedriver + 768161
4   undetected_chromedriver             0x000000010462fb61 undetected_chromedriver + 768865
5   undetected_chromedriver             0x0000000104680034 undetected_chromedriver + 1097780
6   undetected_chromedriver             0x0000000104655e2d undetected_chromedriver + 925229
7   undetected_chromedriver             0x000000010467d378 undetected_chromedriver + 1086328
8   undetected_chromedriver             0x0000000104655bd3 undetected_chromedriver + 924627
9   undetected_chromedriver             0x0000000104621c0b undetected_chromedriver + 711691
10  undetected_chromedriver             0x00000001046228d1 undetected_chromedriver + 714961
11  undetected_chromedriver             0x0000000104b075d0 undetected_chromedriver + 5846480
12  undetected_chromedriver             0x0000000104b0b865 undetected_chromedriver + 5863525
13  undetected_chromedriver             0x0000000104ae2da7 undetected_chromedriver + 5696935
14  undetected_chromedriver             0x0000000104b0c2ff undetected_chromedriver + 5866239
15  undetected_chromedriver             0x0000000104ad2204 undetected_chromedriver + 5628420
16  undetected_chromedriver             0x0000000104b2e828 undetected_chromedriver + 6006824
17  undetected_chromedriver             0x0000000104b2e9ed undetected_chromedriver + 6007277
18  undetected_chromedriver             0x0000000104b413e1 undetected_chromedriver + 6083553
19  libsystem_pthread.dylib             0x00007ff80dffee59 _pthread_start + 115
20  libsystem_pthread.dylib             0x00007ff80dffa857 thread_start + 15

--------------------------------------------------
ID: synth_00351
Prompt: overhead crib view of a mouth open wailing African American 3-month-old baby diaper only in a bassinet, distressed, soft daylight, teddy bear in corner.
Label: awake/crying
Reason: All 3 attempts failed due to error: Message: 
Stacktrace:
0   undetected_chromedriver             0x0000000104b4a108 undetected_chromedriver + 6119688
1   undetected_chromedriver             0x0000000104b4180a undetected_chromedriver + 6084618
2   undetected_chromedriver             0x00000001045dd1a6 undetected_chromedriver + 430502
3   undetected_chromedriver             0x000000010462f8a1 undetected_chromedriver + 768161
4   undetected_chromedriver             0x000000010462fb61 undetected_chromedriver + 768865
5   undetected_chromedriver             0x0000000104680034 undetected_chromedriver + 1097780
6   undetected_chromedriver             0x0000000104655e2d undetected_chromedriver + 925229
7   undetected_chromedriver             0x000000010467d378 undetected_chromedriver + 1086328
8   undetected_chromedriver             0x0000000104655bd3 undetected_chromedriver + 924627
9   undetected_chromedriver             0x0000000104621c0b undetected_chromedriver + 711691
10  undetected_chromedriver             0x00000001046228d1 undetected_chromedriver + 714961
11  undetected_chromedriver             0x0000000104b075d0 undetected_chromedriver + 5846480
12  undetected_chromedriver             0x0000000104b0b865 undetected_chromedriver + 5863525
13  undetected_chromedriver             0x0000000104ae2da7 undetected_chromedriver + 5696935
14  undetected_chromedriver             0x0000000104b0c2ff undetected_chromedriver + 5866239
15  undetected_chromedriver             0x0000000104ad2204 undetected_chromedriver + 5628420
16  undetected_chromedriver             0x0000000104b2e828 undetected_chromedriver + 6006824
17  undetected_chromedriver             0x0000000104b2e9ed undetected_chromedriver + 6007277
18  undetected_chromedriver             0x0000000104b413e1 undetected_chromedriver + 6083553
19  libsystem_pthread.dylib             0x00007ff80dffee59 _pthread_start + 115
20  libsystem_pthread.dylib             0x00007ff80dffa857 thread_start + 15

--------------------------------------------------
ID: synth_00353
Prompt: slightly distorted fisheye lens of a mouth open wailing Middle Eastern 9-month-old baby diaper only in a bassinet, distressed, infrared-like glow, mobile hanging above.
Label: awake/crying
Reason: All 3 attempts failed due to error: Message: 
Stacktrace:
0   undetected_chromedriver             0x0000000104b4a108 undetected_chromedriver + 6119688
1   undetected_chromedriver             0x0000000104b4180a undetected_chromedriver + 6084618
2   undetected_chromedriver             0x00000001045dd1a6 undetected_chromedriver + 430502
3   undetected_chromedriver             0x000000010462f8a1 undetected_chromedriver + 768161
4   undetected_chromedriver             0x000000010462fb61 undetected_chromedriver + 768865
5   undetected_chromedriver             0x0000000104680034 undetected_chromedriver + 1097780
6   undetected_chromedriver             0x0000000104655e2d undetected_chromedriver + 925229
7   undetected_chromedriver             0x000000010467d378 undetected_chromedriver + 1086328
8   undetected_chromedriver             0x0000000104655bd3 undetected_chromedriver + 924627
9   undetected_chromedriver             0x0000000104621c0b undetected_chromedriver + 711691
10  undetected_chromedriver             0x00000001046228d1 undetected_chromedriver + 714961
11  undetected_chromedriver             0x0000000104b075d0 undetected_chromedriver + 5846480
12  undetected_chromedriver             0x0000000104b0b865 undetected_chromedriver + 5863525
13  undetected_chromedriver             0x0000000104ae2da7 undetected_chromedriver + 5696935
14  undetected_chromedriver             0x0000000104b0c2ff undetected_chromedriver + 5866239
15  undetected_chromedriver             0x0000000104ad2204 undetected_chromedriver + 5628420
16  undetected_chromedriver             0x0000000104b2e828 undetected_chromedriver + 6006824
17  undetected_chromedriver             0x0000000104b2e9ed undetected_chromedriver + 6007277
18  undetected_chromedriver             0x0000000104b413e1 undetected_chromedriver + 6083553
19  libsystem_pthread.dylib             0x00007ff80dffee59 _pthread_start + 115
20  libsystem_pthread.dylib             0x00007ff80dffa857 thread_start + 15

--------------------------------------------------
ID: synth_00345
Prompt: angled from baby monitor camera of a face red and scrunched Hispanic 3-month-old baby diaper only in a modern white crib, distressed, dim nursery light, teddy bear in corner.
Label: awake/crying
Reason: All 3 attempts failed due to error: Message: 
Stacktrace:
0   undetected_chromedriver             0x0000000104b4a108 undetected_chromedriver + 6119688
1   undetected_chromedriver             0x0000000104b4180a undetected_chromedriver + 6084618
2   undetected_chromedriver             0x00000001045dd1a6 undetected_chromedriver + 430502
3   undetected_chromedriver             0x000000010462f8a1 undetected_chromedriver + 768161
4   undetected_chromedriver             0x000000010462fb61 undetected_chromedriver + 768865
5   undetected_chromedriver             0x0000000104680034 undetected_chromedriver + 1097780
6   undetected_chromedriver             0x0000000104655e2d undetected_chromedriver + 925229
7   undetected_chromedriver             0x000000010467d378 undetected_chromedriver + 1086328
8   undetected_chromedriver             0x0000000104655bd3 undetected_chromedriver + 924627
9   undetected_chromedriver             0x0000000104621c0b undetected_chromedriver + 711691
10  undetected_chromedriver             0x00000001046228d1 undetected_chromedriver + 714961
11  undetected_chromedriver             0x0000000104b075d0 undetected_chromedriver + 5846480
12  undetected_chromedriver             0x0000000104b0b865 undetected_chromedriver + 5863525
13  undetected_chromedriver             0x0000000104ae2da7 undetected_chromedriver + 5696935
14  undetected_chromedriver             0x0000000104b0c2ff undetected_chromedriver + 5866239
15  undetected_chromedriver             0x0000000104ad2204 undetected_chromedriver + 5628420
16  undetected_chromedriver             0x0000000104b2e828 undetected_chromedriver + 6006824
17  undetected_chromedriver             0x0000000104b2e9ed undetected_chromedriver + 6007277
18  undetected_chromedriver             0x0000000104b413e1 undetected_chromedriver + 6083553
19  libsystem_pthread.dylib             0x00007ff80dffee59 _pthread_start + 115
20  libsystem_pthread.dylib             0x00007ff80dffa857 thread_start + 15

--------------------------------------------------
ID: synth_00307
Prompt: angled from baby monitor camera of a face red and scrunched Middle Eastern 3-month-old baby diaper only in a playpen, distressed, soft daylight, scattered soft toys.
Label: awake/crying
Reason: All 3 attempts failed due to error: Message: 
Stacktrace:
0   undetected_chromedriver             0x0000000104b4a108 undetected_chromedriver + 6119688
1   undetected_chromedriver             0x0000000104b4180a undetected_chromedriver + 6084618
2   undetected_chromedriver             0x00000001045dd1a6 undetected_chromedriver + 430502
3   undetected_chromedriver             0x000000010462f8a1 undetected_chromedriver + 768161
4   undetected_chromedriver             0x000000010462fb61 undetected_chromedriver + 768865
5   undetected_chromedriver             0x0000000104680034 undetected_chromedriver + 1097780
6   undetected_chromedriver             0x0000000104655e2d undetected_chromedriver + 925229
7   undetected_chromedriver             0x000000010467d378 undetected_chromedriver + 1086328
8   undetected_chromedriver             0x0000000104655bd3 undetected_chromedriver + 924627
9   undetected_chromedriver             0x0000000104621c0b undetected_chromedriver + 711691
10  undetected_chromedriver             0x00000001046228d1 undetected_chromedriver + 714961
11  undetected_chromedriver             0x0000000104b075d0 undetected_chromedriver + 5846480
12  undetected_chromedriver             0x0000000104b0b865 undetected_chromedriver + 5863525
13  undetected_chromedriver             0x0000000104ae2da7 undetected_chromedriver + 5696935
14  undetected_chromedriver             0x0000000104b0c2ff undetected_chromedriver + 5866239
15  undetected_chromedriver             0x0000000104ad2204 undetected_chromedriver + 5628420
16  undetected_chromedriver             0x0000000104b2e828 undetected_chromedriver + 6006824
17  undetected_chromedriver             0x0000000104b2e9ed undetected_chromedriver + 6007277
18  undetected_chromedriver             0x0000000104b413e1 undetected_chromedriver + 6083553
19  libsystem_pthread.dylib             0x00007ff80dffee59 _pthread_start + 115
20  libsystem_pthread.dylib             0x00007ff80dffa857 thread_start + 15

--------------------------------------------------
